2024-05-31 23:04:46,630 - INFO - Job Title: Full-Stack programuotojas (Autoplius.lt)
2024-05-31 23:04:46,640 - INFO - Job Title: Full-Stack programuotojas (Aruodas.lt)
2024-05-31 23:04:46,650 - INFO - Job Title: Full-Stack programuotojas (CVbankas.lt)
2024-05-31 23:04:46,660 - INFO - Job Title: IT (verslo valdymo sistemos vystymo) specialistas
2024-05-31 23:04:46,671 - INFO - Job Title: Senior Full Stack Developer | AdTech
2024-05-31 23:04:46,682 - INFO - Job Title: QA Mastery
2024-05-31 23:04:46,706 - INFO - Job Title: Mid./ Senior .NET PROGRAMUOTOJAS (-A)
2024-05-31 23:04:46,717 - INFO - Job Title: Fraud Prevention Analyst
2024-05-31 23:04:46,728 - INFO - Job Title: QA ENGINEER
2024-05-31 23:04:46,750 - INFO - Job Title: Technical Client Support Specialist
2024-05-31 23:04:46,760 - INFO - Job Title: Operations Coordinator
2024-05-31 23:04:46,780 - INFO - Job Title: Scientist III, Research & Development
2024-05-31 23:04:46,821 - INFO - Job Title: RPA Developer
2024-05-31 23:04:46,851 - INFO - Job Title: Business and Systems Analyst
2024-05-31 23:04:46,860 - INFO - Job Title: Mid Laravel Developer
2024-05-31 23:04:46,880 - INFO - Job Title: IT TEAM/DELIVERY MANAGER (F/M/D)
2024-05-31 23:04:46,900 - INFO - Job Title: Data Architect - Senior Data Engineer
2024-05-31 23:04:46,910 - INFO - Job Title: Senior Software Engineer
2024-05-31 23:04:46,920 - INFO - Job Title: Engineering manager for Core services, Baltic IT Services | SEB, Vilnius
2024-05-31 23:04:46,929 - INFO - Job Title: Infrastructure Engineer
2024-05-31 23:04:46,939 - INFO - Job Title: Java Developer for Event Driven Integration Team | SEB, Vilnius
2024-05-31 23:04:46,961 - INFO - Job Title: Data Engineer within Savings & Investments | SEB, Vilnius
2024-05-31 23:04:46,971 - INFO - Job Title: ITSM Expert
2024-05-31 23:04:46,992 - INFO - Job Title: Junior/Mid .NET Developer
2024-05-31 23:04:47,002 - INFO - Job Title: Android Developer in Mobile Team | SEB, Vilnius
2024-05-31 23:04:47,032 - INFO - Job Title: Marketing Technology Consultant (Junior)
2024-05-31 23:04:47,054 - INFO - Job Title: Senior SAP consultant
2024-05-31 23:04:47,064 - INFO - Job Title: IT INŽINIERIUS (HELP DESK KONSULTANTAS)
2024-05-31 23:04:47,073 - INFO - Job Title: Java Developer
2024-05-31 23:04:47,083 - INFO - Job Title: Master Data Analyst
2024-05-31 23:04:47,103 - INFO - Job Title: Product Owner of Head End System for Advanced Metering Infrastructure
2024-05-31 23:04:47,112 - INFO - Job Title: IT service coordinator in Corporate Functions| SEB, Vilnius
2024-05-31 23:04:47,122 - INFO - Job Title: Junior Solution Developer in Corporate Functions at | SEB, Vilnius
2024-05-31 23:04:47,143 - INFO - Job Title: Senior Network Operations SRE Engineer
2024-05-31 23:04:47,151 - INFO - Fetching URL: https://www.cvbankas.lt/?location%5B0%5D=606&padalinys%5B0%5D=76&page=2
2024-05-31 23:04:48,127 - INFO - URL data fetched!
2024-05-31 23:04:52,774 - INFO - Job Title: Platform Engineer in Robotics Centre of Excellence | SEB, Vilnius
2024-05-31 23:04:52,784 - INFO - Job Title: Entry level position for your IT career
2024-05-31 23:04:52,794 - INFO - Job Title: IT support specialist
2024-05-31 23:04:52,804 - INFO - Job Title: FULL - STACK DEVELOPER (.NET/ ANGULAR)
2024-05-31 23:04:52,814 - INFO - Job Title: Citco Vilnius Internship Program Summer-Autumn 2024 / CoSec Department (Corporate Team)
2024-05-31 23:04:52,836 - INFO - Job Title: Citco Vilnius Internship Program Summer-Autumn 2024 / CoSec Department (Data Team)
2024-05-31 23:04:52,845 - INFO - Job Title: Service Delivery Responsible in Internal Identity and Access Management | SEB, Vilnius
2024-05-31 23:04:52,858 - INFO - Job Title: Business Analyst
2024-05-31 23:04:52,868 - INFO - Job Title: Mid-Senior programuotojas (-a)
2024-05-31 23:04:52,878 - INFO - Job Title: Full-stack Developer (.NET) in Custody Channels | SEB, Vilnius
2024-05-31 23:04:52,897 - INFO - Job Title: Experienced IT Consultant
2024-05-31 23:04:52,906 - INFO - Job Title: BACKEND ORACLE PL/SQL DEVELOPER (SENIOR)
2024-05-31 23:04:52,916 - INFO - Job Title: JAVA DEVELOPER (SENIOR)
2024-05-31 23:04:52,941 - INFO - Job Title: Senior Data Science Analyst
2024-05-31 23:04:52,981 - INFO - Job Title: VYR. IT TESTUOTOJA (-AS)
2024-05-31 23:04:53,002 - INFO - Job Title: Full-stack PHP Programmer
2024-05-31 23:04:53,011 - INFO - Job Title: Technical Support Engineer
2024-05-31 23:04:53,021 - INFO - Job Title: Big Data Engineer
2024-05-31 23:04:53,063 - INFO - Job Title: e-Commerce Product Owner
2024-05-31 23:04:53,073 - INFO - Job Title: Test analyst seeking new digital challenges | SEB, Vilnius
2024-05-31 23:04:53,082 - INFO - Job Title: Mid Java Developer in Digital Interaction | SEB, Vilnius
2024-05-31 23:04:53,103 - INFO - Job Title: IT Network Administrator • Telematics
2024-05-31 23:04:53,113 - INFO - Job Title: IT Administrator • Telematics
2024-05-31 23:04:53,141 - INFO - Job Title: Finance ERP Product Owner
2024-05-31 23:04:53,151 - INFO - Job Title: HEAD OF IT OPERATIONS
2024-05-31 23:04:53,160 - INFO - Job Title: Junior Data Analyst (Brand Protection)
2024-05-31 23:04:53,169 - INFO - Job Title: Quality Assurance specialist in Digital processing | SEB, Vilnius
2024-05-31 23:04:53,190 - INFO - Job Title: Senior R Engineer (Clinical Data Scientist)
2024-05-31 23:04:53,232 - INFO - Job Title: Technical Service Manager (m/w/d)
2024-05-31 23:04:53,241 - INFO - Job Title: PHP Developer
2024-05-31 23:04:53,251 - INFO - Job Title: Finacial Data Engineer | SEB, Vilnius
2024-05-31 23:04:53,266 - INFO - Fetching URL: https://www.cvbankas.lt/?location%5B0%5D=606&padalinys%5B0%5D=76&page=3
2024-05-31 23:04:54,340 - INFO - URL data fetched!
2024-05-31 23:04:58,871 - INFO - Salary: 11-11,25 €/val.
2024-05-31 23:04:58,884 - INFO - Job Title: Information Technology Business Analyst
2024-05-31 23:04:58,911 - INFO - Job Title: IT serviso inžinierius Vilniuje darbui pas klientus
2024-05-31 23:04:58,920 - INFO - Job Title: Junior Full-Stack Software Engineer (Java/Kotlin,Typescript)
2024-05-31 23:04:58,929 - INFO - Job Title: Full-Stack Software Engineer (Java/Kotlin,Typescript)
2024-05-31 23:04:58,947 - INFO - Job Title: Tech Meetup: Runtime type-safety for Side Effects
2024-05-31 23:04:58,956 - INFO - Job Title: SENIOR INFRASTRUCTURE ADMINISTRATOR (F/M/D)
2024-05-31 23:04:58,965 - INFO - Job Title: Data Engineer within Next Generation Custody | SEB, Vilnius
2024-05-31 23:04:58,976 - INFO - Job Title: Test Manager within Payments and Reporting | SEB, Vilnius
2024-05-31 23:04:58,986 - INFO - Job Title: IT Support Specialist
2024-05-31 23:04:58,995 - INFO - Job Title: Sr. Application Support Engineer (with MS SQL knowledge)
2024-05-31 23:04:59,059 - INFO - Job Title: Process and Data Manager
2024-05-31 23:04:59,070 - INFO - Job Title: Mid-Sr Full-stack Developer in Cross-Business Team of CO&DE Tribe | SEB, Vilnius
2024-05-31 23:04:59,091 - INFO - Job Title: IT Technical Specialist
2024-05-31 23:04:59,109 - INFO - Job Title: VYR. TESTUOTOJAS (-A) / SENIOR TESTER
2024-05-31 23:04:59,145 - INFO - Job Title: Data Delivery Manager
2024-05-31 23:04:59,153 - INFO - Job Title: Senior Project Manager
2024-05-31 23:04:59,162 - INFO - Job Title: B1/B2 EASA 66 Licensed Aircraft Engineer
2024-05-31 23:04:59,171 - INFO - Job Title: HEAD OF ANALYTICS
2024-05-31 23:04:59,191 - INFO - Job Title: Dedicated Fleet Manager
2024-05-31 23:04:59,201 - INFO - Job Title: Lead Developer/Architect
2024-05-31 23:04:59,210 - INFO - Job Title: Senior Java Developer
2024-05-31 23:04:59,229 - INFO - Job Title: Senior software engineer - Abby fine reader OCR
2024-05-31 23:04:59,239 - INFO - Job Title: Endpoint IT Support Specialist
2024-05-31 23:04:59,258 - INFO - Job Title: IT Intern
2024-05-31 23:04:59,268 - INFO - Job Title: Senior Software Engineer
2024-05-31 23:04:59,278 - INFO - Job Title: Data Analyst
2024-05-31 23:04:59,318 - INFO - Job Title: JUNIOR WEB ADMINISTRATOR
2024-05-31 23:04:59,327 - INFO - Job Title: Lead Generating Specialist
2024-05-31 23:04:59,336 - INFO - Job Title: IT Risk Manager | SEB, Vilnius
2024-05-31 23:04:59,345 - INFO - Job Title: Backend Developer • Telemedic
2024-05-31 23:04:59,364 - INFO - Job Title: Junior Trader
2024-05-31 23:04:59,368 - INFO - Fetching URL: https://www.cvbankas.lt/?location%5B0%5D=606&padalinys%5B0%5D=76&page=4
2024-05-31 23:05:00,823 - INFO - URL data fetched!
2024-05-31 23:05:05,412 - INFO - Job Title: Junior Scientist / Scientist
2024-05-31 23:05:05,435 - INFO - Job Title: SENIOR SOLUTION ARCHITECT (PRODUCT DEVELOPMENT) (F/M/D)
2024-05-31 23:05:05,446 - INFO - Job Title: Data Analyst
2024-05-31 23:05:05,483 - INFO - Job Title: .NET DEVELOPER
2024-05-31 23:05:05,528 - INFO - Job Title: Project manager
2024-05-31 23:05:05,586 - INFO - Job Title: PHP PROGRAMUOTOJAS (-A)
2024-05-31 23:05:05,596 - INFO - Job Title: IT Project Manager
2024-05-31 23:05:05,607 - INFO - Job Title: Quality Assurance Specialist
2024-05-31 23:05:05,626 - INFO - Job Title: Java Developer | SEB, Vilnius
2024-05-31 23:05:05,637 - INFO - Job Title: Full Stack Developer (Angular, Java) | SEB, Vilnius
2024-05-31 23:05:05,657 - INFO - Job Title: Business Developer with analytical background in Open Banking Integrations Team | SEB, Vilnius
2024-05-31 23:05:05,667 - INFO - Job Title: Specialistas (analitikas/ statistikas/ matematikas/ ekonomistas/ sociologas)
2024-05-31 23:05:05,677 - INFO - Job Title: Solution Architect/ Software engineer in DIGI team | SEB, Vilnius
2024-05-31 23:05:05,695 - INFO - Job Title: IT Inžinierius
2024-05-31 23:05:05,718 - INFO - Job Title: Lead Internal Auditor (IT)
2024-05-31 23:05:05,729 - INFO - Job Title: Senior Software Development Engineer
2024-05-31 23:05:05,739 - INFO - Job Title: Second line remote support specialist
2024-05-31 23:05:05,749 - INFO - Job Title: .NET Developer
2024-05-31 23:05:05,781 - INFO - Job Title: Network Engineer
2024-05-31 23:05:05,792 - INFO - Job Title: Junior Network Engineer
2024-05-31 23:05:05,803 - INFO - Job Title: IT Operations Automation Engineer/Developer II
2024-05-31 23:05:05,813 - INFO - Job Title: VYR. PHP PROGRAMUOTOJAS (-A)
2024-05-31 23:05:05,823 - INFO - Job Title: Senior Software Engineer (PHP)
2024-05-31 23:05:05,832 - INFO - Job Title: Data Engineer
2024-05-31 23:05:05,842 - INFO - Job Title: Stažuotoja (-as) Kibernetinio saugumo komandoje
2024-05-31 23:05:05,862 - INFO - Job Title: EMBEDDED SOFTWARE ENGINEER
2024-05-31 23:05:05,873 - INFO - Job Title: POS Software Consultant
2024-05-31 23:05:05,917 - INFO - Job Title: Junior IT Project Manager
2024-05-31 23:05:05,927 - INFO - Job Title: SENIOR SOLUTION ARCHITECT (F/M/D)
2024-05-31 23:05:05,959 - INFO - Job Title: Embedded Software Engineer MID/SENIOR • Telematics
2024-05-31 23:05:05,964 - INFO - Fetching URL: https://www.cvbankas.lt/?location%5B0%5D=606&padalinys%5B0%5D=76&page=5
2024-05-31 23:05:06,859 - INFO - URL data fetched!
2024-05-31 23:05:11,432 - INFO - Job Title: Java Developer
2024-05-31 23:05:11,453 - INFO - Job Title: AI Developer
2024-05-31 23:05:11,463 - INFO - Job Title: Solution Architect in Process automation domain at SEB in Vilnius
2024-05-31 23:05:11,472 - INFO - Job Title: IT Solution Expert for Progress/OpenEdge, Baltic IT Services | SEB, Vilnius
2024-05-31 23:05:11,481 - INFO - Job Title: Linux Engineer with passion for Innovation | SEB, Vilnius
2024-05-31 23:05:11,491 - INFO - Job Title: System Developer (MS power platform)
2024-05-31 23:05:11,510 - INFO - Job Title: Power Platform Engineer with a passion for AI | SEB, Vilnius
2024-05-31 23:05:11,520 - INFO - Job Title: Senior Java Developer | SEB, Vilnius
2024-05-31 23:05:11,529 - INFO - Job Title: Senior Specialist MOS Support
2024-05-31 23:05:11,539 - INFO - Job Title: Product Evaluation Scientist
2024-05-31 23:05:11,574 - INFO - Job Title: Senior IT Project Manager
2024-05-31 23:05:11,583 - INFO - Job Title: Senior IT Administrator
2024-05-31 23:05:11,592 - INFO - Job Title: SAP BI Consultant-Analyst
2024-05-31 23:05:11,602 - INFO - Job Title: Systems Analyst
2024-05-31 23:05:11,642 - INFO - Job Title: BUSINESS ANALYST
2024-05-31 23:05:11,659 - INFO - Job Title: PHP Developer
2024-05-31 23:05:11,667 - INFO - Job Title: Senior full-stack Developer (.NET) in Custody Channels | SEB, Vilnius, Kaunas
2024-05-31 23:05:11,713 - INFO - Job Title: Internal Auditor (IT)
2024-05-31 23:05:11,734 - INFO - Job Title: SENIOR JAVA DEVELOPER (F/M/D)
2024-05-31 23:05:11,743 - INFO - Job Title: Senior Product Specialist
2024-05-31 23:05:11,753 - INFO - Job Title: Engineering Manager
2024-05-31 23:05:11,773 - INFO - Job Title: Senior Laravel Developer
2024-05-31 23:05:11,794 - INFO - Job Title: System Analyst (MS Dynamics NAV/Business Central)
2024-05-31 23:05:11,804 - INFO - Job Title: JAVA PROGRAMUOTOJAS (-A)
2024-05-31 23:05:11,824 - INFO - Job Title: Java Developer
2024-05-31 23:05:11,833 - INFO - Job Title: SAP Development Trainee
2024-05-31 23:05:11,844 - INFO - Job Title: Jaunesnysis IS konsultantas - testuotojas
2024-05-31 23:05:11,853 - INFO - Job Title: Strategy and Transactions Senior Manager
2024-05-31 23:05:11,862 - INFO - Job Title: Solution Developer | SEB, Vilnius
2024-05-31 23:05:11,871 - INFO - Job Title: Software Engineer
2024-05-31 23:05:11,902 - INFO - Job Title: TESTING/SUPPORT ENGINEER (QA ENGINEER)
2024-05-31 23:05:11,912 - INFO - Job Title: IT System administrator
2024-05-31 23:05:11,928 - INFO - Fetching URL: https://www.cvbankas.lt/?location%5B0%5D=606&padalinys%5B0%5D=76&page=6
2024-05-31 23:05:13,047 - INFO - URL data fetched!
2024-05-31 23:05:17,153 - INFO - Job Title: IT Architect
2024-05-31 23:05:17,161 - INFO - Job Title: Head of Software Development
2024-05-31 23:05:17,179 - INFO - Job Title: Python Developer
2024-05-31 23:05:17,189 - INFO - Job Title: Technical Support Engineer (Portuguese-speaker)
2024-05-31 23:05:17,207 - INFO - Job Title: Junior Support Engineer (PHP)
2024-05-31 23:05:17,216 - INFO - Job Title: Microsoft Dynamics 365 Developer | SEB, Vilnius
2024-05-31 23:05:17,220 - INFO - Reached the last page
